SF:lib/model/question.dart
DA:8,2
DA:10,3
DA:11,3
DA:12,3
DA:13,3
DA:14,6
DA:15,3
DA:17,2
DA:18,2
DA:19,4
DA:20,4
DA:21,2
DA:22,4
DA:23,4
LF:14
LH:14
end_of_record
SF:lib/model/quiz_service.dart
DA:9,3
DA:10,3
DA:11,3
DA:13,6
DA:14,9
DA:15,6
DA:16,12
DA:19,0
DA:23,3
DA:24,6
DA:25,3
DA:27,6
DA:28,6
DA:29,3
DA:31,0
DA:35,2
DA:36,4
DA:39,2
DA:40,4
DA:41,8
DA:42,0
DA:46,4
DA:47,0
DA:50,6
DA:51,4
DA:52,6
DA:54,4
DA:55,4
DA:56,6
DA:57,2
DA:59,0
LF:31
LH:26
end_of_record
SF:lib/model/topic.dart
DA:6,3
DA:8,3
DA:9,3
DA:10,3
DA:11,3
DA:13,2
DA:14,2
DA:15,2
DA:16,2
DA:17,2
LF:10
LH:10
end_of_record
SF:lib/components/page_wrapper.dart
DA:8,2
DA:10,2
DA:12,2
DA:13,2
DA:14,4
DA:15,6
DA:16,2
DA:17,2
DA:19,0
DA:20,0
DA:21,0
DA:28,4
LF:12
LH:9
end_of_record
SF:lib/statistics_page.dart
DA:8,1
DA:10,1
DA:12,2
DA:15,1
DA:16,1
DA:17,1
DA:18,1
DA:20,1
DA:21,3
DA:22,3
DA:27,1
DA:28,1
DA:30,2
DA:31,5
DA:32,1
DA:34,1
DA:35,7
DA:50,1
DA:52,1
DA:53,1
DA:55,1
DA:57,3
DA:58,1
DA:60,1
DA:61,1
DA:62,1
DA:63,0
DA:67,2
DA:68,1
DA:69,3
DA:70,1
DA:72,1
DA:73,1
DA:74,1
DA:75,2
DA:76,1
DA:77,3
DA:78,1
DA:79,5
DA:80,5
DA:81,5
DA:82,1
DA:83,5
DA:91,1
DA:92,2
DA:97,7
DA:98,6
DA:99,1
DA:100,1
DA:104,1
DA:105,2
DA:106,6
DA:107,2
LF:53
LH:52
end_of_record
SF:lib/model/stat_block.dart
DA:7,0
DA:9,2
LF:2
LH:1
end_of_record
SF:lib/model/stats_service.dart
DA:11,1
DA:12,1
DA:14,1
DA:19,2
DA:20,2
DA:21,2
DA:23,2
DA:24,4
DA:25,4
DA:28,10
DA:30,4
DA:33,2
DA:35,6
DA:37,6
DA:41,1
DA:42,3
DA:43,1
DA:45,1
DA:46,1
DA:48,2
DA:49,1
DA:51,1
DA:53,3
DA:54,0
DA:61,4
DA:64,0
DA:67,0
DA:68,0
DA:69,0
DA:72,2
DA:73,2
DA:74,2
DA:77,4
DA:80,2
DA:81,2
DA:83,0
DA:88,1
DA:89,1
DA:91,0
DA:92,0
DA:94,0
DA:95,0
LF:42
LH:32
end_of_record
SF:lib/question_page.dart
DA:18,2
DA:20,2
DA:21,2
DA:23,2
DA:24,4
DA:25,2
DA:27,2
DA:29,8
DA:31,8
DA:32,2
DA:33,4
DA:34,2
DA:35,0
DA:39,2
DA:40,8
DA:43,2
DA:45,6
DA:47,4
DA:49,2
DA:55,2
DA:56,4
DA:59,2
DA:61,1
DA:63,1
DA:67,1
DA:68,8
DA:69,0
DA:70,0
DA:71,0
DA:72,0
DA:74,0
DA:77,0
DA:78,0
DA:79,0
DA:80,0
DA:84,0
DA:85,0
DA:93,1
DA:94,1
DA:96,5
DA:100,2
DA:101,2
DA:104,2
DA:106,2
DA:107,6
DA:109,2
DA:112,2
DA:113,0
DA:114,14
DA:120,2
DA:121,4
DA:122,4
DA:124,2
DA:126,6
DA:130,2
DA:131,10
DA:135,2
DA:136,6
DA:137,6
DA:139,2
DA:140,3
DA:141,3
DA:142,2
DA:143,3
DA:144,3
DA:147,2
DA:148,2
DA:149,2
DA:150,2
DA:152,2
DA:153,2
DA:157,1
DA:158,5
DA:159,1
DA:160,2
DA:161,1
DA:163,5
DA:164,5
DA:166,5
DA:167,7
LF:80
LH:67
end_of_record
SF:lib/main.dart
DA:9,0
DA:10,0
DA:14,1
DA:16,1
DA:18,1
DA:19,1
DA:23,1
DA:24,1
DA:25,1
DA:27,1
DA:28,1
DA:31,1
DA:33,1
DA:36,1
DA:38,1
DA:42,1
DA:47,1
DA:51,1
DA:56,1
DA:61,1
DA:66,1
DA:77,2
DA:78,3
DA:79,3
LF:24
LH:22
end_of_record
SF:lib/home_page.dart
DA:12,1
DA:13,1
DA:16,1
DA:18,2
DA:20,1
DA:21,1
DA:22,2
DA:23,1
DA:24,3
DA:29,1
DA:30,1
DA:33,1
DA:39,6
DA:43,1
DA:48,1
DA:52,1
DA:53,1
DA:54,1
DA:56,1
DA:57,1
DA:61,1
DA:63,1
DA:64,1
DA:65,6
DA:66,1
DA:69,2
DA:70,1
DA:71,1
DA:72,10
DA:75,4
LF:30
LH:30
end_of_record
